  [1m[36m (2.2ms)[0m  [1mCREATE TABLE "schema_migrations" ("version" varchar(255) NOT NULL) [0m
  [1m[35m (0.8ms)[0m  CREATE UNIQUE INDEX "unique_schema_migrations" ON "schema_migrations" ("version")
  [1m[36mActiveRecord::SchemaMigration Load (0.1ms)[0m  [1mSELECT "schema_migrations".* FROM "schema_migrations"[0m
Migrating to CreateLftmes (20140325200249)
  [1m[35m (0.1ms)[0m  begin transaction
  [1m[36m (0.4ms)[0m  [1mCREATE TABLE "lftmes" ("id" INTEGER PRIMARY KEY AUTOINCREMENT NOT NULL, "user" varchar(255), "request" varchar(255), "location" varchar(255), "created_at" datetime, "updated_at" datetime) [0m
  [1m[35mSQL (0.2ms)[0m  INSERT INTO "schema_migrations" ("version") VALUES (?)  [["version", "20140325200249"]]
  [1m[36m (0.8ms)[0m  [1mcommit transaction[0m
  [1m[35mActiveRecord::SchemaMigration Load (0.1ms)[0m  SELECT "schema_migrations".* FROM "schema_migrations"


Started GET "/" for 127.0.0.1 at 2014-03-25 16:03:53 -0400
  [1m[36mActiveRecord::SchemaMigration Load (0.1ms)[0m  [1mSELECT "schema_migrations".* FROM "schema_migrations"[0m

ActionController::RoutingError (uninitialized constant LftmeController):
  activesupport (4.0.4) lib/active_support/inflector/methods.rb:226:in `const_get'
  activesupport (4.0.4) lib/active_support/inflector/methods.rb:226:in `block in constantize'
  activesupport (4.0.4) lib/active_support/inflector/methods.rb:224:in `each'
  activesupport (4.0.4) lib/active_support/inflector/methods.rb:224:in `inject'
  activesupport (4.0.4) lib/active_support/inflector/methods.rb:224:in `constantize'
  actionpack (4.0.4) lib/action_dispatch/routing/route_set.rb:76:in `controller_reference'
  actionpack (4.0.4) lib/action_dispatch/routing/route_set.rb:66:in `controller'
  actionpack (4.0.4) lib/action_dispatch/routing/route_set.rb:44:in `call'
  actionpack (4.0.4) lib/action_dispatch/journey/router.rb:71:in `block in call'
  actionpack (4.0.4) lib/action_dispatch/journey/router.rb:59:in `each'
  actionpack (4.0.4) lib/action_dispatch/journey/router.rb:59:in `call'
  actionpack (4.0.4) lib/action_dispatch/routing/route_set.rb:674:in `call'
  rack (1.5.2) lib/rack/etag.rb:23:in `call'
  rack (1.5.2) lib/rack/conditionalget.rb:25:in `call'
  rack (1.5.2) lib/rack/head.rb:11:in `call'
  actionpack (4.0.4) lib/action_dispatch/middleware/params_parser.rb:27:in `call'
  actionpack (4.0.4) lib/action_dispatch/middleware/flash.rb:241:in `call'
  rack (1.5.2) lib/rack/session/abstract/id.rb:225:in `context'
  rack (1.5.2) lib/rack/session/abstract/id.rb:220:in `call'
  actionpack (4.0.4) lib/action_dispatch/middleware/cookies.rb:486:in `call'
  activerecord (4.0.4) lib/active_record/query_cache.rb:36:in `call'
  activerecord (4.0.4) lib/active_record/connection_adapters/abstract/connection_pool.rb:626:in `call'
  activerecord (4.0.4) lib/active_record/migration.rb:373:in `call'
  actionpack (4.0.4) lib/action_dispatch/middleware/callbacks.rb:29:in `block in call'
  activesupport (4.0.4) lib/active_support/callbacks.rb:373:in `_run__1577126968775712973__call__callbacks'
  activesupport (4.0.4) lib/active_support/callbacks.rb:80:in `run_callbacks'
  actionpack (4.0.4) lib/action_dispatch/middleware/callbacks.rb:27:in `call'
  actionpack (4.0.4) lib/action_dispatch/middleware/reloader.rb:64:in `call'
  actionpack (4.0.4) lib/action_dispatch/middleware/remote_ip.rb:76:in `call'
  actionpack (4.0.4) lib/action_dispatch/middleware/debug_exceptions.rb:17:in `call'
  actionpack (4.0.4) lib/action_dispatch/middleware/show_exceptions.rb:30:in `call'
  railties (4.0.4) lib/rails/rack/logger.rb:38:in `call_app'
  railties (4.0.4) lib/rails/rack/logger.rb:20:in `block in call'
  activesupport (4.0.4) lib/active_support/tagged_logging.rb:68:in `block in tagged'
  activesupport (4.0.4) lib/active_support/tagged_logging.rb:26:in `tagged'
  activesupport (4.0.4) lib/active_support/tagged_logging.rb:68:in `tagged'
  railties (4.0.4) lib/rails/rack/logger.rb:20:in `call'
  actionpack (4.0.4) lib/action_dispatch/middleware/request_id.rb:21:in `call'
  rack (1.5.2) lib/rack/methodoverride.rb:21:in `call'
  rack (1.5.2) lib/rack/runtime.rb:17:in `call'
  activesupport (4.0.4) lib/active_support/cache/strategy/local_cache.rb:83:in `call'
  rack (1.5.2) lib/rack/lock.rb:17:in `call'
  actionpack (4.0.4) lib/action_dispatch/middleware/static.rb:64:in `call'
  rack (1.5.2) lib/rack/sendfile.rb:112:in `call'
  railties (4.0.4) lib/rails/engine.rb:511:in `call'
  railties (4.0.4) lib/rails/application.rb:97:in `call'
  rack (1.5.2) lib/rack/lock.rb:17:in `call'
  rack (1.5.2) lib/rack/content_length.rb:14:in `call'
  rack (1.5.2) lib/rack/handler/webrick.rb:60:in `service'
  /Users/nathanielelliott/.rvm/rubies/ruby-2.1.1/lib/ruby/2.1.0/webrick/httpserver.rb:138:in `service'
  /Users/nathanielelliott/.rvm/rubies/ruby-2.1.1/lib/ruby/2.1.0/webrick/httpserver.rb:94:in `run'
  /Users/nathanielelliott/.rvm/rubies/ruby-2.1.1/lib/ruby/2.1.0/webrick/server.rb:295:in `block in start_thread'


  Rendered /Users/nathanielelliott/.rvm/gems/ruby-2.1.1@rails4.1/gems/actionpack-4.0.4/lib/action_dispatch/middleware/templates/rescues/_trace.erb (1.8ms)
  Rendered /Users/nathanielelliott/.rvm/gems/ruby-2.1.1@rails4.1/gems/actionpack-4.0.4/lib/action_dispatch/middleware/templates/routes/_route.html.erb (1.5ms)
  Rendered /Users/nathanielelliott/.rvm/gems/ruby-2.1.1@rails4.1/gems/actionpack-4.0.4/lib/action_dispatch/middleware/templates/routes/_table.html.erb (8.0ms)
  Rendered /Users/nathanielelliott/.rvm/gems/ruby-2.1.1@rails4.1/gems/actionpack-4.0.4/lib/action_dispatch/middleware/templates/rescues/routing_error.erb within rescues/layout (41.7ms)


Started GET "/lft" for 127.0.0.1 at 2014-03-25 16:04:01 -0400

ActionController::RoutingError (No route matches [GET] "/lft"):
  actionpack (4.0.4) lib/action_dispatch/middleware/debug_exceptions.rb:21:in `call'
  actionpack (4.0.4) lib/action_dispatch/middleware/show_exceptions.rb:30:in `call'
  railties (4.0.4) lib/rails/rack/logger.rb:38:in `call_app'
  railties (4.0.4) lib/rails/rack/logger.rb:20:in `block in call'
  activesupport (4.0.4) lib/active_support/tagged_logging.rb:68:in `block in tagged'
  activesupport (4.0.4) lib/active_support/tagged_logging.rb:26:in `tagged'
  activesupport (4.0.4) lib/active_support/tagged_logging.rb:68:in `tagged'
  railties (4.0.4) lib/rails/rack/logger.rb:20:in `call'
  actionpack (4.0.4) lib/action_dispatch/middleware/request_id.rb:21:in `call'
  rack (1.5.2) lib/rack/methodoverride.rb:21:in `call'
  rack (1.5.2) lib/rack/runtime.rb:17:in `call'
  activesupport (4.0.4) lib/active_support/cache/strategy/local_cache.rb:83:in `call'
  rack (1.5.2) lib/rack/lock.rb:17:in `call'
  actionpack (4.0.4) lib/action_dispatch/middleware/static.rb:64:in `call'
  rack (1.5.2) lib/rack/sendfile.rb:112:in `call'
  railties (4.0.4) lib/rails/engine.rb:511:in `call'
  railties (4.0.4) lib/rails/application.rb:97:in `call'
  rack (1.5.2) lib/rack/lock.rb:17:in `call'
  rack (1.5.2) lib/rack/content_length.rb:14:in `call'
  rack (1.5.2) lib/rack/handler/webrick.rb:60:in `service'
  /Users/nathanielelliott/.rvm/rubies/ruby-2.1.1/lib/ruby/2.1.0/webrick/httpserver.rb:138:in `service'
  /Users/nathanielelliott/.rvm/rubies/ruby-2.1.1/lib/ruby/2.1.0/webrick/httpserver.rb:94:in `run'
  /Users/nathanielelliott/.rvm/rubies/ruby-2.1.1/lib/ruby/2.1.0/webrick/server.rb:295:in `block in start_thread'


  Rendered /Users/nathanielelliott/.rvm/gems/ruby-2.1.1@rails4.1/gems/actionpack-4.0.4/lib/action_dispatch/middleware/templates/rescues/_trace.erb (1.7ms)
  Rendered /Users/nathanielelliott/.rvm/gems/ruby-2.1.1@rails4.1/gems/actionpack-4.0.4/lib/action_dispatch/middleware/templates/routes/_route.html.erb (1.7ms)
  Rendered /Users/nathanielelliott/.rvm/gems/ruby-2.1.1@rails4.1/gems/actionpack-4.0.4/lib/action_dispatch/middleware/templates/routes/_table.html.erb (1.9ms)
  Rendered /Users/nathanielelliott/.rvm/gems/ruby-2.1.1@rails4.1/gems/actionpack-4.0.4/lib/action_dispatch/middleware/templates/rescues/routing_error.erb within rescues/layout (26.2ms)


Started GET "/lftme" for 127.0.0.1 at 2014-03-25 16:04:03 -0400

ActionController::RoutingError (No route matches [GET] "/lftme"):
  actionpack (4.0.4) lib/action_dispatch/middleware/debug_exceptions.rb:21:in `call'
  actionpack (4.0.4) lib/action_dispatch/middleware/show_exceptions.rb:30:in `call'
  railties (4.0.4) lib/rails/rack/logger.rb:38:in `call_app'
  railties (4.0.4) lib/rails/rack/logger.rb:20:in `block in call'
  activesupport (4.0.4) lib/active_support/tagged_logging.rb:68:in `block in tagged'
  activesupport (4.0.4) lib/active_support/tagged_logging.rb:26:in `tagged'
  activesupport (4.0.4) lib/active_support/tagged_logging.rb:68:in `tagged'
  railties (4.0.4) lib/rails/rack/logger.rb:20:in `call'
  actionpack (4.0.4) lib/action_dispatch/middleware/request_id.rb:21:in `call'
  rack (1.5.2) lib/rack/methodoverride.rb:21:in `call'
  rack (1.5.2) lib/rack/runtime.rb:17:in `call'
  activesupport (4.0.4) lib/active_support/cache/strategy/local_cache.rb:83:in `call'
  rack (1.5.2) lib/rack/lock.rb:17:in `call'
  actionpack (4.0.4) lib/action_dispatch/middleware/static.rb:64:in `call'
  rack (1.5.2) lib/rack/sendfile.rb:112:in `call'
  railties (4.0.4) lib/rails/engine.rb:511:in `call'
  railties (4.0.4) lib/rails/application.rb:97:in `call'
  rack (1.5.2) lib/rack/lock.rb:17:in `call'
  rack (1.5.2) lib/rack/content_length.rb:14:in `call'
  rack (1.5.2) lib/rack/handler/webrick.rb:60:in `service'
  /Users/nathanielelliott/.rvm/rubies/ruby-2.1.1/lib/ruby/2.1.0/webrick/httpserver.rb:138:in `service'
  /Users/nathanielelliott/.rvm/rubies/ruby-2.1.1/lib/ruby/2.1.0/webrick/httpserver.rb:94:in `run'
  /Users/nathanielelliott/.rvm/rubies/ruby-2.1.1/lib/ruby/2.1.0/webrick/server.rb:295:in `block in start_thread'


  Rendered /Users/nathanielelliott/.rvm/gems/ruby-2.1.1@rails4.1/gems/actionpack-4.0.4/lib/action_dispatch/middleware/templates/rescues/_trace.erb (2.1ms)
  Rendered /Users/nathanielelliott/.rvm/gems/ruby-2.1.1@rails4.1/gems/actionpack-4.0.4/lib/action_dispatch/middleware/templates/routes/_route.html.erb (2.7ms)
  Rendered /Users/nathanielelliott/.rvm/gems/ruby-2.1.1@rails4.1/gems/actionpack-4.0.4/lib/action_dispatch/middleware/templates/routes/_table.html.erb (1.6ms)
  Rendered /Users/nathanielelliott/.rvm/gems/ruby-2.1.1@rails4.1/gems/actionpack-4.0.4/lib/action_dispatch/middleware/templates/rescues/routing_error.erb within rescues/layout (32.2ms)


Started GET "/lftmes" for 127.0.0.1 at 2014-03-25 16:04:11 -0400
Processing by LftmesController#index as HTML
  [1m[35mLftme Load (0.2ms)[0m  SELECT "lftmes".* FROM "lftmes"
  Rendered lftmes/index.html.erb within layouts/application (1.8ms)
Completed 200 OK in 623ms (Views: 607.8ms | ActiveRecord: 0.2ms)


Started GET "/assets/lftmes.css?body=1" for 127.0.0.1 at 2014-03-25 16:04:11 -0400


Started GET "/assets/jquery_ujs.js?body=1" for 127.0.0.1 at 2014-03-25 16:04:11 -0400


Started GET "/assets/application.css?body=1" for 127.0.0.1 at 2014-03-25 16:04:11 -0400


Started GET "/assets/lftmes.js?body=1" for 127.0.0.1 at 2014-03-25 16:04:11 -0400


Started GET "/assets/scaffolds.css?body=1" for 127.0.0.1 at 2014-03-25 16:04:11 -0400


Started GET "/assets/jquery.js?body=1" for 127.0.0.1 at 2014-03-25 16:04:11 -0400


Started GET "/assets/turbolinks.js?body=1" for 127.0.0.1 at 2014-03-25 16:04:11 -0400


Started GET "/assets/application.js?body=1" for 127.0.0.1 at 2014-03-25 16:04:11 -0400


Started GET "/" for 127.0.0.1 at 2014-03-25 16:04:39 -0400
  [1m[36mActiveRecord::SchemaMigration Load (0.1ms)[0m  [1mSELECT "schema_migrations".* FROM "schema_migrations"[0m
Processing by LftmesController#index as HTML
  [1m[35mLftme Load (0.2ms)[0m  SELECT "lftmes".* FROM "lftmes"
  Rendered lftmes/index.html.erb within layouts/application (3.0ms)
Completed 200 OK in 67ms (Views: 51.0ms | ActiveRecord: 0.2ms)


Started GET "/assets/application.css?body=1" for 127.0.0.1 at 2014-03-25 16:04:40 -0400


Started GET "/assets/lftmes.css?body=1" for 127.0.0.1 at 2014-03-25 16:04:40 -0400


Started GET "/assets/scaffolds.css?body=1" for 127.0.0.1 at 2014-03-25 16:04:40 -0400


Started GET "/assets/jquery.js?body=1" for 127.0.0.1 at 2014-03-25 16:04:40 -0400


Started GET "/assets/jquery_ujs.js?body=1" for 127.0.0.1 at 2014-03-25 16:04:40 -0400


Started GET "/assets/turbolinks.js?body=1" for 127.0.0.1 at 2014-03-25 16:04:40 -0400


Started GET "/assets/lftmes.js?body=1" for 127.0.0.1 at 2014-03-25 16:04:40 -0400


Started GET "/assets/application.js?body=1" for 127.0.0.1 at 2014-03-25 16:04:40 -0400


Started GET "/lftmes/new" for 127.0.0.1 at 2014-03-25 16:04:46 -0400
Processing by LftmesController#new as HTML
  Rendered lftmes/_form.html.erb (28.0ms)
  Rendered lftmes/new.html.erb within layouts/application (34.0ms)
Completed 200 OK in 52ms (Views: 39.7ms | ActiveRecord: 0.4ms)


Started POST "/lftmes" for 127.0.0.1 at 2014-03-25 16:05:01 -0400
Processing by LftmesController#create as HTML
  Parameters: {"utf8"=>"✓", "authenticity_token"=>"ahqYoy3YIczpGSU+EGxtHkV9ZAqaglLBC1lskpCxkEs=", "lftme"=>{"user"=>"Nathaniel", "request"=>"I need help with stress today!", "location"=>"Annapolis, MD"}, "commit"=>"Create Lftme"}
  [1m[36m (0.2ms)[0m  [1mbegin transaction[0m
  [1m[35mSQL (7.3ms)[0m  INSERT INTO "lftmes" ("created_at", "location", "request", "updated_at", "user") VALUES (?, ?, ?, ?, ?)  [["created_at", Tue, 25 Mar 2014 20:05:01 UTC +00:00], ["location", "Annapolis, MD"], ["request", "I need help with stress today!"], ["updated_at", Tue, 25 Mar 2014 20:05:01 UTC +00:00], ["user", "Nathaniel"]]
  [1m[36m (1.0ms)[0m  [1mcommit transaction[0m
Redirected to http://localhost:3000/lftmes/1
Completed 302 Found in 16ms (ActiveRecord: 8.5ms)


Started GET "/lftmes/1" for 127.0.0.1 at 2014-03-25 16:05:01 -0400
Processing by LftmesController#show as HTML
  Parameters: {"id"=>"1"}
  [1m[35mLftme Load (0.3ms)[0m  SELECT "lftmes".* FROM "lftmes" WHERE "lftmes"."id" = ? LIMIT 1  [["id", "1"]]
  Rendered lftmes/show.html.erb within layouts/application (1.2ms)
Completed 200 OK in 9ms (Views: 5.6ms | ActiveRecord: 0.3ms)


Started GET "/assets/lftmes.css?body=1" for 127.0.0.1 at 2014-03-25 16:05:01 -0400


Started GET "/assets/scaffolds.css?body=1" for 127.0.0.1 at 2014-03-25 16:05:01 -0400


Started GET "/assets/jquery.js?body=1" for 127.0.0.1 at 2014-03-25 16:05:01 -0400


Started GET "/assets/jquery_ujs.js?body=1" for 127.0.0.1 at 2014-03-25 16:05:01 -0400


Started GET "/assets/turbolinks.js?body=1" for 127.0.0.1 at 2014-03-25 16:05:01 -0400


Started GET "/assets/application.css?body=1" for 127.0.0.1 at 2014-03-25 16:05:01 -0400


Started GET "/assets/lftmes.js?body=1" for 127.0.0.1 at 2014-03-25 16:05:01 -0400


Started GET "/assets/application.js?body=1" for 127.0.0.1 at 2014-03-25 16:05:01 -0400


Started GET "/lftmes" for 127.0.0.1 at 2014-03-25 16:05:03 -0400
Processing by LftmesController#index as HTML
  [1m[36mLftme Load (0.3ms)[0m  [1mSELECT "lftmes".* FROM "lftmes"[0m
  Rendered lftmes/index.html.erb within layouts/application (3.7ms)
Completed 200 OK in 11ms (Views: 10.1ms | ActiveRecord: 0.3ms)


Started GET "/" for 127.0.0.1 at 2014-03-25 18:58:22 -0400
  [1m[36mActiveRecord::SchemaMigration Load (0.4ms)[0m  [1mSELECT "schema_migrations".* FROM "schema_migrations"[0m
Processing by LftmesController#index as HTML
  [1m[35mLftme Load (0.5ms)[0m  SELECT "lftmes".* FROM "lftmes"
  Rendered lftmes/index.html.erb within layouts/application (10.6ms)
Completed 200 OK in 74ms (Views: 62.1ms | ActiveRecord: 0.7ms)


Started GET "/assets/application.css?body=1" for 127.0.0.1 at 2014-03-25 18:58:22 -0400


Started GET "/assets/lftmes.css?body=1" for 127.0.0.1 at 2014-03-25 18:58:23 -0400


Started GET "/assets/jquery.js?body=1" for 127.0.0.1 at 2014-03-25 18:58:23 -0400


Started GET "/assets/jquery_ujs.js?body=1" for 127.0.0.1 at 2014-03-25 18:58:23 -0400


Started GET "/assets/scaffolds.css?body=1" for 127.0.0.1 at 2014-03-25 18:58:23 -0400


Started GET "/assets/turbolinks.js?body=1" for 127.0.0.1 at 2014-03-25 18:58:23 -0400


Started GET "/assets/lftmes.js?body=1" for 127.0.0.1 at 2014-03-25 18:58:23 -0400


Started GET "/assets/application.js?body=1" for 127.0.0.1 at 2014-03-25 18:58:23 -0400


Started GET "/" for 127.0.0.1 at 2014-03-25 19:08:33 -0400
  [1m[36mActiveRecord::SchemaMigration Load (0.1ms)[0m  [1mSELECT "schema_migrations".* FROM "schema_migrations"[0m
Processing by LftmesController#index as HTML
  [1m[35mLftme Load (0.2ms)[0m  SELECT "lftmes".* FROM "lftmes"
  Rendered lftmes/index.html.erb within layouts/application (9.9ms)
Completed 200 OK in 59ms (Views: 47.3ms | ActiveRecord: 0.4ms)


Started GET "/assets/application.css?body=1" for 127.0.0.1 at 2014-03-25 19:08:34 -0400


Started GET "/assets/jquery_ujs.js?body=1" for 127.0.0.1 at 2014-03-25 19:08:34 -0400


Started GET "/assets/lftmes.js?body=1" for 127.0.0.1 at 2014-03-25 19:08:34 -0400


Started GET "/assets/turbolinks.js?body=1" for 127.0.0.1 at 2014-03-25 19:08:34 -0400


Started GET "/assets/jquery.js?body=1" for 127.0.0.1 at 2014-03-25 19:08:34 -0400


Started GET "/assets/scaffolds.css?body=1" for 127.0.0.1 at 2014-03-25 19:08:34 -0400


Started GET "/assets/lftmes.css?body=1" for 127.0.0.1 at 2014-03-25 19:08:34 -0400


Started GET "/assets/application.js?body=1" for 127.0.0.1 at 2014-03-25 19:08:34 -0400
  [1m[36mActiveRecord::SchemaMigration Load (0.1ms)[0m  [1mSELECT "schema_migrations".* FROM "schema_migrations"[0m
Migrating to DeviseCreateUsers (20140325233248)
  [1m[35m (0.1ms)[0m  begin transaction
  [1m[36m (0.5ms)[0m  [1mCREATE TABLE "users" ("id" INTEGER PRIMARY KEY AUTOINCREMENT NOT NULL, "email" varchar(255) DEFAULT '' NOT NULL, "encrypted_password" varchar(255) DEFAULT '' NOT NULL, "reset_password_token" varchar(255), "reset_password_sent_at" datetime, "remember_created_at" datetime, "sign_in_count" integer DEFAULT 0 NOT NULL, "current_sign_in_at" datetime, "last_sign_in_at" datetime, "current_sign_in_ip" varchar(255), "last_sign_in_ip" varchar(255), "created_at" datetime, "updated_at" datetime) [0m
  [1m[35m (1.3ms)[0m  CREATE UNIQUE INDEX "index_users_on_email" ON "users" ("email")
  [1m[36m (0.1ms)[0m  [1mCREATE UNIQUE INDEX "index_users_on_reset_password_token" ON "users" ("reset_password_token")[0m
  [1m[35mSQL (0.3ms)[0m  INSERT INTO "schema_migrations" ("version") VALUES (?)  [["version", "20140325233248"]]
  [1m[36m (3.7ms)[0m  [1mcommit transaction[0m
  [1m[35mActiveRecord::SchemaMigration Load (0.1ms)[0m  SELECT "schema_migrations".* FROM "schema_migrations"


Started GET "/users" for 127.0.0.1 at 2014-03-25 19:40:39 -0400
  [1m[36mActiveRecord::SchemaMigration Load (0.1ms)[0m  [1mSELECT "schema_migrations".* FROM "schema_migrations"[0m

ActionController::RoutingError (No route matches [GET] "/users"):
  actionpack (4.0.4) lib/action_dispatch/middleware/debug_exceptions.rb:21:in `call'
  actionpack (4.0.4) lib/action_dispatch/middleware/show_exceptions.rb:30:in `call'
  railties (4.0.4) lib/rails/rack/logger.rb:38:in `call_app'
  railties (4.0.4) lib/rails/rack/logger.rb:20:in `block in call'
  activesupport (4.0.4) lib/active_support/tagged_logging.rb:68:in `block in tagged'
  activesupport (4.0.4) lib/active_support/tagged_logging.rb:26:in `tagged'
  activesupport (4.0.4) lib/active_support/tagged_logging.rb:68:in `tagged'
  railties (4.0.4) lib/rails/rack/logger.rb:20:in `call'
  actionpack (4.0.4) lib/action_dispatch/middleware/request_id.rb:21:in `call'
  rack (1.5.2) lib/rack/methodoverride.rb:21:in `call'
  rack (1.5.2) lib/rack/runtime.rb:17:in `call'
  activesupport (4.0.4) lib/active_support/cache/strategy/local_cache.rb:83:in `call'
  rack (1.5.2) lib/rack/lock.rb:17:in `call'
  actionpack (4.0.4) lib/action_dispatch/middleware/static.rb:64:in `call'
  rack (1.5.2) lib/rack/sendfile.rb:112:in `call'
  railties (4.0.4) lib/rails/engine.rb:511:in `call'
  railties (4.0.4) lib/rails/application.rb:97:in `call'
  rack (1.5.2) lib/rack/lock.rb:17:in `call'
  rack (1.5.2) lib/rack/content_length.rb:14:in `call'
  rack (1.5.2) lib/rack/handler/webrick.rb:60:in `service'
  /Users/nathanielelliott/.rvm/rubies/ruby-2.1.1/lib/ruby/2.1.0/webrick/httpserver.rb:138:in `service'
  /Users/nathanielelliott/.rvm/rubies/ruby-2.1.1/lib/ruby/2.1.0/webrick/httpserver.rb:94:in `run'
  /Users/nathanielelliott/.rvm/rubies/ruby-2.1.1/lib/ruby/2.1.0/webrick/server.rb:295:in `block in start_thread'


  Rendered /Users/nathanielelliott/.rvm/gems/ruby-2.1.1@rails4.0/gems/actionpack-4.0.4/lib/action_dispatch/middleware/templates/rescues/_trace.erb (1.1ms)
  Rendered /Users/nathanielelliott/.rvm/gems/ruby-2.1.1@rails4.0/gems/actionpack-4.0.4/lib/action_dispatch/middleware/templates/routes/_route.html.erb (2.6ms)
  Rendered /Users/nathanielelliott/.rvm/gems/ruby-2.1.1@rails4.0/gems/actionpack-4.0.4/lib/action_dispatch/middleware/templates/routes/_table.html.erb (4.3ms)
  Rendered /Users/nathanielelliott/.rvm/gems/ruby-2.1.1@rails4.0/gems/actionpack-4.0.4/lib/action_dispatch/middleware/templates/rescues/routing_error.erb within rescues/layout (37.6ms)


Started GET "/users/sign_in" for 127.0.0.1 at 2014-03-25 19:40:49 -0400
Processing by Devise::SessionsController#new as HTML
  Rendered devise/shared/_links.erb (1.5ms)
  Rendered devise/sessions/new.html.erb within layouts/application (18.8ms)
Completed 200 OK in 451ms (Views: 426.3ms | ActiveRecord: 0.5ms)


Started GET "/assets/application.css?body=1" for 127.0.0.1 at 2014-03-25 19:40:49 -0400


Started GET "/assets/scaffolds.css?body=1" for 127.0.0.1 at 2014-03-25 19:40:49 -0400


Started GET "/assets/turbolinks.js?body=1" for 127.0.0.1 at 2014-03-25 19:40:49 -0400


Started GET "/assets/lftmes.css?body=1" for 127.0.0.1 at 2014-03-25 19:40:49 -0400


Started GET "/assets/jquery.js?body=1" for 127.0.0.1 at 2014-03-25 19:40:49 -0400


Started GET "/assets/jquery_ujs.js?body=1" for 127.0.0.1 at 2014-03-25 19:40:49 -0400


Started GET "/assets/lftmes.js?body=1" for 127.0.0.1 at 2014-03-25 19:40:49 -0400


Started GET "/assets/application.js?body=1" for 127.0.0.1 at 2014-03-25 19:40:49 -0400


Started GET "/users/sign_up" for 127.0.0.1 at 2014-03-25 19:40:54 -0400
Processing by Devise::RegistrationsController#new as HTML
  Rendered devise/shared/_links.erb (0.7ms)
  Rendered devise/registrations/new.html.erb within layouts/application (5.7ms)
Completed 200 OK in 15ms (Views: 12.7ms | ActiveRecord: 0.0ms)


Started POST "/users" for 127.0.0.1 at 2014-03-25 19:41:01 -0400
Processing by Devise::RegistrationsController#create as HTML
  Parameters: {"utf8"=>"✓", "authenticity_token"=>"ahqYoy3YIczpGSU+EGxtHkV9ZAqaglLBC1lskpCxkEs=", "user"=>{"email"=>"nathaniel.p.elliott@gmail.com", "password"=>"[FILTERED]", "password_confirmation"=>"[FILTERED]"}, "commit"=>"Sign up"}
  [1m[35m (0.1ms)[0m  begin transaction
  [1m[36mUser Exists (0.2ms)[0m  [1mSELECT 1 AS one FROM "users" WHERE "users"."email" = 'nathaniel.p.elliott@gmail.com' LIMIT 1[0m
Binary data inserted for `string` type on column `encrypted_password`
  [1m[35mSQL (4.2ms)[0m  INSERT INTO "users" ("created_at", "email", "encrypted_password", "updated_at") VALUES (?, ?, ?, ?)  [["created_at", Tue, 25 Mar 2014 23:41:01 UTC +00:00], ["email", "nathaniel.p.elliott@gmail.com"], ["encrypted_password", "$2a$10$zFB6bvtjGIiyUBKxDGZykuaisA9XI7I5TuwKbgJsrcaX6ga2nWvnu"], ["updated_at", Tue, 25 Mar 2014 23:41:01 UTC +00:00]]
  [1m[36m (0.9ms)[0m  [1mcommit transaction[0m
  [1m[35m (0.1ms)[0m  begin transaction
Binary data inserted for `string` type on column `last_sign_in_ip`
Binary data inserted for `string` type on column `current_sign_in_ip`
  [1m[36mSQL (0.7ms)[0m  [1mUPDATE "users" SET "last_sign_in_at" = ?, "current_sign_in_at" = ?, "last_sign_in_ip" = ?, "current_sign_in_ip" = ?, "sign_in_count" = ?, "updated_at" = ? WHERE "users"."id" = 1[0m  [["last_sign_in_at", Tue, 25 Mar 2014 23:41:01 UTC +00:00], ["current_sign_in_at", Tue, 25 Mar 2014 23:41:01 UTC +00:00], ["last_sign_in_ip", "127.0.0.1"], ["current_sign_in_ip", "127.0.0.1"], ["sign_in_count", 1], ["updated_at", Tue, 25 Mar 2014 23:41:01 UTC +00:00]]
  [1m[35m (0.7ms)[0m  commit transaction
Redirected to http://localhost:3000/
Completed 302 Found in 100ms (ActiveRecord: 6.9ms)


Started GET "/" for 127.0.0.1 at 2014-03-25 19:41:01 -0400
Processing by LftmesController#index as HTML
  [1m[36mLftme Load (0.3ms)[0m  [1mSELECT "lftmes".* FROM "lftmes"[0m
  Rendered lftmes/index.html.erb within layouts/application (12.3ms)
Completed 200 OK in 23ms (Views: 18.7ms | ActiveRecord: 0.6ms)


Started GET "/assets/application.css?body=1" for 127.0.0.1 at 2014-03-25 19:41:01 -0400


Started GET "/assets/jquery.js?body=1" for 127.0.0.1 at 2014-03-25 19:41:01 -0400


Started GET "/assets/scaffolds.css?body=1" for 127.0.0.1 at 2014-03-25 19:41:01 -0400


Started GET "/assets/jquery_ujs.js?body=1" for 127.0.0.1 at 2014-03-25 19:41:01 -0400


Started GET "/assets/lftmes.css?body=1" for 127.0.0.1 at 2014-03-25 19:41:01 -0400


Started GET "/assets/turbolinks.js?body=1" for 127.0.0.1 at 2014-03-25 19:41:01 -0400


Started GET "/assets/lftmes.js?body=1" for 127.0.0.1 at 2014-03-25 19:41:01 -0400


Started GET "/assets/application.js?body=1" for 127.0.0.1 at 2014-03-25 19:41:01 -0400
